<?xml version="1.0" encoding="UTF-8"?>
<!-- Generated by org.testng.reporters.JUnitReportReporter -->
<testsuite hostname="LAPTOP-G8O4VUV1" failures="0" tests="1" name="selenium.Sendkeys" time="44.039" errors="0" timestamp="2021-08-26T11:07:55 IST" skipped="0">
  <testcase classname="selenium.Sendkeys" name="login" time="44.039"/>
  <system-out/>
</testsuite> <!-- selenium.Sendkeys -->
