<?xml version="1.0" encoding="UTF-8"?>
<!-- Generated by org.testng.reporters.JUnitReportReporter -->
<testsuite hostname="LAPTOP-G8O4VUV1" failures="0" tests="1" name="selenium.Chrome" time="16.546" errors="0" timestamp="2021-08-24T14:02:06 IST" skipped="0">
  <testcase classname="selenium.Chrome" name="add" time="16.546"/>
  <system-out/>
</testsuite> <!-- selenium.Chrome -->
